2017-06-14 15:12:03  [ localhost-startStop-1:0 ] - [ INFO ]  查找到商品0
2017-06-14 15:12:03  [ localhost-startStop-1:7 ] - [ INFO ]  查找到商品0
2017-06-14 15:13:44  [ ContainerBackgroundProcessor[StandardEngine[Catalina]]:0 ] - [ INFO ]  查找到商品0
2017-06-14 15:13:44  [ ContainerBackgroundProcessor[StandardEngine[Catalina]]:6 ] - [ INFO ]  查找到商品0
2017-06-14 15:14:44  [ ContainerBackgroundProcessor[StandardEngine[Catalina]]:0 ] - [ INFO ]  查找到商品0
2017-06-14 15:14:44  [ ContainerBackgroundProcessor[StandardEngine[Catalina]]:6 ] - [ INFO ]  查找到商品0
2017-06-14 15:15:24  [ ContainerBackgroundProcessor[StandardEngine[Catalina]]:0 ] - [ INFO ]  查找到商品0
2017-06-14 15:15:24  [ ContainerBackgroundProcessor[StandardEngine[Catalina]]:6 ] - [ INFO ]  查找到商品0
2017-06-14 15:15:34  [ ContainerBackgroundProcessor[StandardEngine[Catalina]]:0 ] - [ INFO ]  查找到商品0
2017-06-14 15:15:34  [ ContainerBackgroundProcessor[StandardEngine[Catalina]]:4 ] - [ INFO ]  查找到商品0
2017-06-14 15:15:53  [ localhost-startStop-1:0 ] - [ INFO ]  查找到商品0
2017-06-14 15:15:53  [ localhost-startStop-1:7 ] - [ INFO ]  查找到商品0
2017-06-14 15:16:03  [ http-bio-80-exec-4:9564 ] - [ INFO ]  用户：a1登陆成功
2017-06-14 15:16:06  [ http-bio-80-exec-5:13143 ] - [ INFO ]  查找到商品0
2017-06-14 15:16:06  [ http-bio-80-exec-5:13150 ] - [ INFO ]  查找到商品0
2017-06-14 15:16:44  [ ContainerBackgroundProcessor[StandardEngine[Catalina]]:0 ] - [ INFO ]  查找到商品0
2017-06-14 15:16:44  [ ContainerBackgroundProcessor[StandardEngine[Catalina]]:6 ] - [ INFO ]  查找到商品0
2017-06-14 15:17:04  [ ContainerBackgroundProcessor[StandardEngine[Catalina]]:0 ] - [ INFO ]  查找到商品0
2017-06-14 15:17:04  [ ContainerBackgroundProcessor[StandardEngine[Catalina]]:6 ] - [ INFO ]  查找到商品0
2017-06-14 15:17:07  [ localhost-startStop-1:0 ] - [ INFO ]  查找到商品0
2017-06-14 15:17:07  [ localhost-startStop-1:8 ] - [ INFO ]  查找到商品0
2017-06-14 15:17:27  [ http-bio-80-exec-5:0 ] - [ INFO ]  用户：a1登陆成功
2017-06-14 15:17:29  [ http-bio-80-exec-6:2423 ] - [ INFO ]  查找到商品0
2017-06-14 15:17:29  [ http-bio-80-exec-6:2430 ] - [ INFO ]  查找到商品0
2017-06-14 15:18:04  [ http-bio-80-exec-4:0 ] - [ INFO ]  用户：a1登陆成功
2017-06-14 15:18:20  [ http-bio-80-exec-6:16195 ] - [ INFO ]  数据查询成功
2017-06-14 15:21:36  [ http-bio-80-exec-4:0 ] - [ INFO ]  用户：a1登陆成功
2017-06-14 15:21:41  [ http-bio-80-exec-6:5027 ] - [ INFO ]  数据查询成功
2017-06-14 15:24:44  [ http-bio-80-exec-6:0 ] - [ INFO ]  用户：a1登陆成功
2017-06-14 15:26:36  [ http-bio-80-exec-2:0 ] - [ INFO ]  用户：a1登陆成功
2017-06-14 15:29:25  [ http-bio-80-exec-4:0 ] - [ INFO ]  用户：a1登陆成功
2017-06-14 15:38:04  [ ContainerBackgroundProcessor[StandardEngine[Catalina]]:0 ] - [ DEBUG ]  查询商品时，关闭数据库连接出现错误
2017-06-14 15:38:04  [ ContainerBackgroundProcessor[StandardEngine[Catalina]]:7 ] - [ DEBUG ]  查询商品时，关闭数据库连接出现错误
2017-06-14 15:39:36  [ http-bio-80-exec-4:0 ] - [ INFO ]  用户：a1登陆成功
2017-06-14 15:46:45  [ ContainerBackgroundProcessor[StandardEngine[Catalina]]:0 ] - [ DEBUG ]  查询商品时，关闭数据库连接出现错误
2017-06-14 15:46:45  [ ContainerBackgroundProcessor[StandardEngine[Catalina]]:7 ] - [ DEBUG ]  查询商品时，关闭数据库连接出现错误
2017-06-14 15:46:47  [ localhost-startStop-1:0 ] - [ DEBUG ]  查询商品时，关闭数据库连接出现错误
2017-06-14 15:46:47  [ localhost-startStop-1:7 ] - [ DEBUG ]  查询商品时，关闭数据库连接出现错误
2017-06-14 15:46:59  [ http-bio-80-exec-7:12163 ] - [ INFO ]  用户：a1登陆成功
2017-06-14 15:47:01  [ http-bio-80-exec-9:14570 ] - [ DEBUG ]  查询商品时，关闭数据库连接出现错误
2017-06-14 15:47:01  [ http-bio-80-exec-9:14578 ] - [ DEBUG ]  查询商品时，关闭数据库连接出现错误
2017-06-14 15:47:27  [ ContainerBackgroundProcessor[StandardEngine[Catalina]]:0 ] - [ DEBUG ]  查询商品时，关闭数据库连接出现错误
2017-06-14 15:47:27  [ ContainerBackgroundProcessor[StandardEngine[Catalina]]:6 ] - [ DEBUG ]  查询商品时，关闭数据库连接出现错误
2017-06-14 15:47:29  [ localhost-startStop-1:0 ] - [ DEBUG ]  查询商品时，关闭数据库连接出现错误
2017-06-14 15:47:29  [ localhost-startStop-1:7 ] - [ DEBUG ]  查询商品时，关闭数据库连接出现错误
2017-06-14 15:47:42  [ http-bio-80-exec-4:12508 ] - [ INFO ]  用户：a1登陆成功
2017-06-14 15:47:44  [ http-bio-80-exec-5:14773 ] - [ DEBUG ]  查询商品时，关闭数据库连接出现错误
2017-06-14 15:47:44  [ http-bio-80-exec-5:14785 ] - [ DEBUG ]  查询商品时，关闭数据库连接出现错误
2017-06-14 15:48:58  [ http-bio-80-exec-7:0 ] - [ INFO ]  用户：a1登陆成功
2017-06-14 16:25:29  [ ContainerBackgroundProcessor[StandardEngine[Catalina]]:0 ] - [ INFO ]  打印日志-----查找到商品4
2017-06-14 16:25:29  [ ContainerBackgroundProcessor[StandardEngine[Catalina]]:6 ] - [ INFO ]  打印日志-----查找到商品5
2017-06-14 16:25:40  [ ContainerBackgroundProcessor[StandardEngine[Catalina]]:0 ] - [ INFO ]  打印日志-----查找到商品，一共有4
2017-06-14 16:25:40  [ ContainerBackgroundProcessor[StandardEngine[Catalina]]:6 ] - [ INFO ]  打印日志-----查找到商品，一共有5
2017-06-14 16:26:00  [ localhost-startStop-1:0 ] - [ INFO ]  打印日志-----查找到商品，一共有4
2017-06-14 16:26:00  [ localhost-startStop-1:7 ] - [ INFO ]  打印日志-----查找到商品，一共有5
2017-06-14 16:35:03  [ localhost-startStop-1:0 ] - [ INFO ]  打印日志-----查找到商品，一共有4
2017-06-14 16:35:03  [ localhost-startStop-1:7 ] - [ INFO ]  打印日志-----查找到商品，一共有5
2017-06-14 16:39:04  [ ContainerBackgroundProcessor[StandardEngine[Catalina]]:0 ] - [ INFO ]  打印日志-----查找到商品，一共有4
2017-06-14 16:39:04  [ ContainerBackgroundProcessor[StandardEngine[Catalina]]:1 ] - [ INFO ]  打印日志-----查找到商品，一共有1
2017-06-14 16:39:04  [ ContainerBackgroundProcessor[StandardEngine[Catalina]]:6 ] - [ INFO ]  打印日志-----查找到商品，一共有5
2017-06-14 16:39:04  [ ContainerBackgroundProcessor[StandardEngine[Catalina]]:6 ] - [ INFO ]  打印日志-----查找到商品，一共有2
2017-06-14 16:39:07  [ localhost-startStop-1:0 ] - [ INFO ]  打印日志-----查找到商品，一共有4
2017-06-14 16:39:07  [ localhost-startStop-1:2 ] - [ INFO ]  打印日志-----查找到商品，一共有1
2017-06-14 16:39:07  [ localhost-startStop-1:8 ] - [ INFO ]  打印日志-----查找到商品，一共有5
2017-06-14 16:39:07  [ localhost-startStop-1:8 ] - [ INFO ]  打印日志-----查找到商品，一共有2
2017-06-14 16:39:38  [ localhost-startStop-1:0 ] - [ INFO ]  打印日志-----查找到商品，一共有4
2017-06-14 16:39:38  [ localhost-startStop-1:2 ] - [ INFO ]  大集合有小集合个数：1
2017-06-14 16:39:38  [ localhost-startStop-1:7 ] - [ INFO ]  打印日志-----查找到商品，一共有5
2017-06-14 16:39:38  [ localhost-startStop-1:7 ] - [ INFO ]  大集合有小集合个数：2
2017-06-14 17:15:07  [ localhost-startStop-1:0 ] - [ INFO ]  打印日志-----查找到商品，一共有4
2017-06-14 17:15:07  [ localhost-startStop-1:2 ] - [ INFO ]  大集合有小集合个数：1
2017-06-14 17:15:07  [ localhost-startStop-1:7 ] - [ INFO ]  打印日志-----查找到商品，一共有5
2017-06-14 17:15:07  [ localhost-startStop-1:7 ] - [ INFO ]  大集合有小集合个数：2
2017-06-14 17:23:59  [ localhost-startStop-1:0 ] - [ INFO ]  打印日志-----查找到商品，一共有4
2017-06-14 17:23:59  [ localhost-startStop-1:1 ] - [ INFO ]  大集合有小集合个数：1
2017-06-14 17:23:59  [ localhost-startStop-1:7 ] - [ INFO ]  打印日志-----查找到商品，一共有5
2017-06-14 17:23:59  [ localhost-startStop-1:7 ] - [ INFO ]  大集合有小集合个数：2
2017-06-14 17:33:20  [ ContainerBackgroundProcessor[StandardEngine[Catalina]]:0 ] - [ INFO ]  打印日志-----查找到商品，一共有4
2017-06-14 17:33:20  [ ContainerBackgroundProcessor[StandardEngine[Catalina]]:1 ] - [ INFO ]  大集合有小集合个数：1
2017-06-14 17:33:20  [ ContainerBackgroundProcessor[StandardEngine[Catalina]]:6 ] - [ INFO ]  打印日志-----查找到商品，一共有5
2017-06-14 17:33:20  [ ContainerBackgroundProcessor[StandardEngine[Catalina]]:6 ] - [ INFO ]  大集合有小集合个数：2
2017-06-14 17:33:22  [ localhost-startStop-1:0 ] - [ INFO ]  打印日志-----查找到商品，一共有4
2017-06-14 17:33:22  [ localhost-startStop-1:2 ] - [ INFO ]  大集合有小集合个数：1
2017-06-14 17:33:22  [ localhost-startStop-1:8 ] - [ INFO ]  打印日志-----查找到商品，一共有5
2017-06-14 17:33:22  [ localhost-startStop-1:8 ] - [ INFO ]  大集合有小集合个数：2
2017-06-14 17:36:56  [ localhost-startStop-1:0 ] - [ INFO ]  打印日志-----查找到商品，一共有4
2017-06-14 17:36:56  [ localhost-startStop-1:2 ] - [ INFO ]  大集合有小集合个数：1
2017-06-14 17:36:56  [ localhost-startStop-1:7 ] - [ INFO ]  打印日志-----查找到商品，一共有5
2017-06-14 17:36:56  [ localhost-startStop-1:8 ] - [ INFO ]  大集合有小集合个数：2
2017-06-14 17:40:37  [ http-bio-80-exec-4:0 ] - [ INFO ]  用户：a1登陆成功
2017-06-14 17:41:50  [ http-bio-80-exec-4:0 ] - [ INFO ]  用户：a1登陆成功
2017-06-14 17:43:14  [ http-bio-80-exec-4:0 ] - [ INFO ]  用户：a1登陆成功
2017-06-14 17:50:10  [ http-bio-80-exec-4:0 ] - [ INFO ]  用户：a1登陆成功
2017-06-14 17:51:34  [ http-bio-80-exec-4:0 ] - [ INFO ]  用户：a1登陆成功
2017-06-14 17:52:19  [ http-bio-80-exec-2:0 ] - [ INFO ]  用户：a1登陆成功
2017-06-14 17:52:47  [ http-bio-80-exec-2:0 ] - [ INFO ]  用户：a1登陆成功
2017-06-14 17:54:25  [ http-bio-80-exec-4:0 ] - [ INFO ]  用户：a1登陆成功
2017-06-14 17:56:29  [ http-bio-80-exec-4:0 ] - [ INFO ]  用户：a1登陆成功
2017-06-14 17:57:19  [ http-bio-80-exec-4:0 ] - [ INFO ]  用户：a1登陆成功
2017-06-14 18:04:22  [ localhost-startStop-1:0 ] - [ INFO ]  打印日志-----查找到商品，一共有4
2017-06-14 18:04:22  [ localhost-startStop-1:1 ] - [ INFO ]  大集合有小集合个数：1
2017-06-14 18:04:22  [ localhost-startStop-1:8 ] - [ INFO ]  打印日志-----查找到商品，一共有5
2017-06-14 18:04:22  [ localhost-startStop-1:8 ] - [ INFO ]  大集合有小集合个数：2
2017-06-14 18:06:03  [ ContainerBackgroundProcessor[StandardEngine[Catalina]]:0 ] - [ INFO ]  打印日志-----查找到商品，一共有4
2017-06-14 18:06:03  [ ContainerBackgroundProcessor[StandardEngine[Catalina]]:1 ] - [ INFO ]  大集合有小集合个数：1
2017-06-14 18:06:03  [ ContainerBackgroundProcessor[StandardEngine[Catalina]]:6 ] - [ INFO ]  打印日志-----查找到商品，一共有5
2017-06-14 18:06:03  [ ContainerBackgroundProcessor[StandardEngine[Catalina]]:6 ] - [ INFO ]  大集合有小集合个数：2
2017-06-14 18:06:19  [ localhost-startStop-1:0 ] - [ INFO ]  打印日志-----查找到商品，一共有4
2017-06-14 18:06:19  [ localhost-startStop-1:2 ] - [ INFO ]  大集合有小集合个数：1
2017-06-14 18:06:19  [ localhost-startStop-1:7 ] - [ INFO ]  打印日志-----查找到商品，一共有5
2017-06-14 18:06:19  [ localhost-startStop-1:7 ] - [ INFO ]  大集合有小集合个数：2
2017-06-14 18:06:23  [ http-bio-80-exec-2:4190 ] - [ INFO ]  用户：a1登陆成功
2017-06-14 18:07:28  [ localhost-startStop-1:0 ] - [ INFO ]  打印日志-----查找到商品，一共有4
2017-06-14 18:07:28  [ localhost-startStop-1:2 ] - [ INFO ]  大集合有小集合个数：1
2017-06-14 18:07:28  [ localhost-startStop-1:8 ] - [ INFO ]  打印日志-----查找到商品，一共有5
2017-06-14 18:07:28  [ localhost-startStop-1:8 ] - [ INFO ]  大集合有小集合个数：2
2017-06-14 18:07:35  [ http-bio-80-exec-4:7219 ] - [ INFO ]  用户：a1登陆成功
2017-06-14 18:12:52  [ http-bio-80-exec-4:0 ] - [ INFO ]  用户：a1登陆成功
2017-06-14 18:15:15  [ http-bio-80-exec-2:0 ] - [ INFO ]  用户：a1登陆成功
2017-06-14 18:17:35  [ http-bio-80-exec-10:0 ] - [ INFO ]  用户：a1登陆成功
2017-06-14 18:18:28  [ http-bio-80-exec-6:0 ] - [ INFO ]  用户：a1登陆成功
2017-06-14 18:25:13  [ http-bio-80-exec-4:0 ] - [ INFO ]  用户：a1登陆成功
2017-06-14 18:28:55  [ http-bio-80-exec-4:0 ] - [ INFO ]  用户：a1登陆成功
2017-06-14 18:31:08  [ http-bio-80-exec-4:0 ] - [ INFO ]  用户：a1登陆成功
2017-06-14 18:34:20  [ http-bio-80-exec-10:0 ] - [ INFO ]  用户：a1登陆成功
2017-06-14 18:36:23  [ http-bio-80-exec-4:0 ] - [ INFO ]  用户：a1登陆成功
2017-06-14 18:37:39  [ http-bio-80-exec-4:0 ] - [ INFO ]  用户：a1登陆成功
2017-06-14 18:38:40  [ http-bio-80-exec-4:0 ] - [ INFO ]  用户：a1登陆成功
2017-06-14 18:40:01  [ http-bio-80-exec-4:0 ] - [ INFO ]  用户：a1登陆成功
2017-06-14 18:42:17  [ http-bio-80-exec-4:0 ] - [ INFO ]  用户：a1登陆成功
2017-06-15 09:25:12  [ http-bio-80-exec-7:0 ] - [ INFO ]  用户：a1登陆成功
2017-06-15 09:48:46  [ http-bio-80-exec-3:1413830 ] - [ INFO ]  用户：a1：登陆失败
2017-06-15 10:15:10  [ http-bio-80-exec-3:0 ] - [ INFO ]  管理员：a1：登陆失败
2017-06-15 10:15:18  [ http-bio-80-exec-4:8482 ] - [ INFO ]  管理员：a1登陆成功
2017-06-15 10:32:22  [ http-bio-80-exec-5:0 ] - [ INFO ]  用户:u1登陆成功
2017-06-15 10:32:22  [ http-bio-80-exec-5:2 ] - [ INFO ]  用户：u1登陆成功
2017-06-15 10:32:37  [ http-bio-80-exec-8:14571 ] - [ INFO ]  用户:u1登陆成功
2017-06-15 10:32:37  [ http-bio-80-exec-8:14571 ] - [ INFO ]  用户：u1登陆成功
2017-06-15 10:33:35  [ http-bio-80-exec-1:72493 ] - [ INFO ]  用户:u1登陆成功
2017-06-15 10:33:35  [ http-bio-80-exec-1:72494 ] - [ INFO ]  用户：u1登陆成功
2017-06-15 10:34:31  [ http-bio-80-exec-9:128562 ] - [ INFO ]  用户:u1登陆成功
2017-06-15 10:34:31  [ http-bio-80-exec-9:128563 ] - [ INFO ]  用户：u1登陆成功
2017-06-15 10:38:33  [ http-bio-80-exec-11:0 ] - [ INFO ]  用户:u1登陆成功
2017-06-15 10:38:33  [ http-bio-80-exec-11:1 ] - [ INFO ]  用户：u1登陆成功
2017-06-15 10:39:51  [ http-bio-80-exec-2:77944 ] - [ INFO ]  管理员：a1登陆成功
2017-06-15 11:15:25  [ http-bio-80-exec-10:0 ] - [ INFO ]  用户:u1登陆成功
2017-06-15 11:15:25  [ http-bio-80-exec-10:2 ] - [ INFO ]  用户：u1登陆成功
2017-06-15 11:16:18  [ http-bio-80-exec-7:0 ] - [ INFO ]  管理员：a1登陆成功
2017-06-15 11:26:43  [ http-bio-80-exec-12:0 ] - [ INFO ]  用户:u1登陆成功
2017-06-15 11:26:43  [ http-bio-80-exec-12:3 ] - [ INFO ]  用户：u1登陆成功
2017-06-15 11:29:17  [ http-bio-80-exec-16:0 ] - [ INFO ]  用户:u1登陆成功
2017-06-15 11:29:17  [ http-bio-80-exec-16:1 ] - [ INFO ]  用户：u1登陆成功
2017-06-15 13:39:45  [ http-bio-80-exec-20:7827944 ] - [ INFO ]  用户:u1登陆成功
2017-06-15 13:39:45  [ http-bio-80-exec-20:7827948 ] - [ INFO ]  用户：u1登陆成功
2017-06-15 13:41:36  [ http-bio-80-exec-22:7938525 ] - [ INFO ]  用户:u1登陆成功
2017-06-15 13:41:36  [ http-bio-80-exec-22:7938526 ] - [ INFO ]  用户：u1登陆成功
2017-06-15 14:03:33  [ http-bio-80-exec-14:9256384 ] - [ INFO ]  用户:u1登陆成功
2017-06-15 14:03:33  [ http-bio-80-exec-14:9256385 ] - [ INFO ]  用户：u1登陆成功
2017-06-15 16:30:57  [ http-bio-80-exec-1:0 ] - [ INFO ]  用户：u1：登陆失败
2017-06-15 16:31:02  [ http-bio-80-exec-1:5170 ] - [ INFO ]  用户:u1登陆成功
2017-06-15 16:31:02  [ http-bio-80-exec-1:5171 ] - [ INFO ]  用户：u1登陆成功
2017-06-15 16:31:15  [ http-bio-80-exec-1:17887 ] - [ INFO ]  用户:u1登陆成功
2017-06-15 16:31:15  [ http-bio-80-exec-1:17888 ] - [ INFO ]  用户：u1登陆成功
2017-06-15 16:32:30  [ http-bio-80-exec-5:0 ] - [ INFO ]  用户:u1登陆成功
2017-06-15 16:32:30  [ http-bio-80-exec-5:2 ] - [ INFO ]  用户：u1登陆成功
2017-06-15 16:33:43  [ http-bio-80-exec-6:73150 ] - [ INFO ]  用户:u1登陆成功
2017-06-15 16:33:43  [ http-bio-80-exec-6:73152 ] - [ INFO ]  用户：u1登陆成功
2017-06-15 16:45:21  [ http-bio-80-exec-11:0 ] - [ INFO ]  用户:u1登陆成功
2017-06-15 16:45:21  [ http-bio-80-exec-11:2 ] - [ INFO ]  用户：u1登陆成功
2017-06-15 17:27:40  [ http-bio-80-exec-30:0 ] - [ INFO ]  用户:u1登陆成功
2017-06-15 17:27:40  [ http-bio-80-exec-30:2 ] - [ INFO ]  用户：u1登陆成功
2017-06-17 15:39:20  [ http-bio-80-exec-10:0 ] - [ INFO ]  用户：a1：登陆失败
2017-06-17 15:39:25  [ http-bio-80-exec-11:5091 ] - [ INFO ]  用户:u1登陆成功
2017-06-17 15:39:25  [ http-bio-80-exec-11:5095 ] - [ INFO ]  用户：u1登陆成功
2017-06-17 16:11:31  [ http-bio-80-exec-12:0 ] - [ INFO ]  用户:u1登陆成功
2017-06-17 16:11:31  [ http-bio-80-exec-12:2 ] - [ INFO ]  用户：u1登陆成功
2017-06-27 10:28:11  [ http-bio-80-exec-10:0 ] - [ INFO ]  用户:u1登陆成功
2017-06-27 10:28:11  [ http-bio-80-exec-10:11 ] - [ INFO ]  用户：u1登陆成功
